<?xml version="1.0" encoding="UTF-8"?>
<testsuite xmlns:xsi="http://www.w3.org/2001/XMLSchema-instance" xsi:noNamespaceSchemaLocation="https://maven.apache.org/surefire/maven-surefire-plugin/xsd/surefire-test-report-3.0.xsd" version="3.0" name="com.example.AppTest" time="0.059" tests="6" errors="0" skipped="0" failures="0">
  <properties>
[...]
</properties>
  <testcase name="testCalculateAverage" classname="com.example.AppTest" time="0.027"/>
  <testcase name="testGradeA" classname="com.example.AppTest" time="0.0"/>
  <testcase name="testGradeB" classname="com.example.AppTest" time="0.0"/>
  <testcase name="testGradeC" classname="com.example.AppTest" time="0.0"/>
  <testcase name="testGradeD" classname="com.example.AppTest" time="0.0"/>
  <testcase name="testGradeF" classname="com.example.AppTest" time="0.005"/>
</testsuite>